<?xml version="1.0" encoding="UTF-8"?>
<!-- Generated by org.testng.reporters.JUnitReportReporter -->
<testsuite hostname="192.168.1.9" failures="0" tests="1" name="com.testcase.NewLogin" time="27.915" errors="0" timestamp="2024-10-26T01:18:05 IST" skipped="0">
  <testcase classname="com.testcase.NewLogin" name="Log_in" time="27.915"/>
</testsuite> <!-- com.testcase.NewLogin -->
